**
(main.tex
LaTeX2e <2021-11-15> patch level 1
L3 programming layer <2022-02-24> (article.cls
Document Class: article 2021/10/04 v1.4n Standard LaTeX document class
(size12.clo
File: size12.clo 2021/10/04 v1.4n Standard LaTeX file (size option)
)
\c@part=\count181
\c@section=\count182
\c@subsection=\count183
\c@subsubsection=\count184
\c@paragraph=\count185
\c@subparagraph=\count186
\c@figure=\count187
\c@table=\count188
\abovecaptionskip=\skip47
\belowcaptionskip=\skip48
\bibindent=\dimen138
) (inputenc.sty
Package: inputenc 2021/02/14 v1.3d Input encoding file
\inpenc@prehook=\toks16
\inpenc@posthook=\toks17


Package inputenc Warning: inputenc package ignored with utf8 based engines.

) (fontenc.sty
Package: fontenc 2021/04/29 v2.0v Standard LaTeX package
LaTeX Font Info:    Trying to load font information for T1+lmr on input line 11
2.
 (t1lmr.fd
File: t1lmr.fd 2015/05/01 v1.6.1 Font defs for Latin Modern
)) (babel.sty
Package: babel 2022/02/26 3.73 The Babel package
\babel@savecnt=\count189
\U@D=\dimen139
\l@unhyphenated=\language87
 (xebabel.def (txtbabel.def))
\bbl@readstream=\read2
\bbl@dirlevel=\count190
 (english.ldf
Language: english 2017/06/06 v3.3r English support from the babel system
Package babel Info: Hyphen rules for 'canadian' set to \l@english
(babel)             (\language0). Reported on input line 102.
Package babel Info: Hyphen rules for 'australian' set to \l@ukenglish
(babel)             (\language21). Reported on input line 105.
Package babel Info: Hyphen rules for 'newzealand' set to \l@ukenglish
(babel)             (\language21). Reported on input line 108.
)) (geometry.sty
Package: geometry 2020/01/02 v5.9 Page Geometry
 (keyval.sty
Package: keyval 2014/10/28 v1.15 key=value parser (DPC)
\KV@toks@=\toks18
) (ifvtex.sty
Package: ifvtex 2019/10/25 v1.7 ifvtex legacy package. Use iftex instead.
 (iftex.sty
Package: iftex 2022/02/03 v1.0f TeX engine tests
))
\Gm@cnth=\count191
\Gm@cntv=\count192
\c@Gm@tempcnt=\count193
\Gm@bindingoffset=\dimen140
\Gm@wd@mp=\dimen141
\Gm@odd@mp=\dimen142
\Gm@even@mp=\dimen143
\Gm@layoutwidth=\dimen144
\Gm@layoutheight=\dimen145
\Gm@layouthoffset=\dimen146
\Gm@layoutvoffset=\dimen147
\Gm@dimlist=\toks19
) (titlesec.sty
Package: titlesec 2021/07/05 v2.14 Sectioning titles
\ttl@box=\box50
\beforetitleunit=\skip49
\aftertitleunit=\skip50
\ttl@plus=\dimen148
\ttl@minus=\dimen149
\ttl@toksa=\toks20
\titlewidth=\dimen150
\titlewidthlast=\dimen151
\titlewidthfirst=\dimen152
)
(enumitem.sty
Package: enumitem 2019/06/20 v3.9 Customized lists
\labelindent=\skip51
\enit@outerparindent=\dimen153
\enit@toks=\toks21
\enit@inbox=\box51
\enit@count@id=\count194
\enitdp@description=\count195
) (xcolor.sty
Package: xcolor 2021/10/31 v2.13 LaTeX color extensions (UK)
 (color.cfg
File: color.cfg 2016/01/02 v1.6 sample color configuration
)
Package xcolor Info: Driver file: xetex.def on input line 227.
 (xetex.def
File: xetex.def 2021/03/18 v5.0k Graphics/color driver for xetex
)
Package xcolor Info: Model `cmy' substituted by `cmy0' on input line 1352.
Package xcolor Info: Model `RGB' extended on input line 1368.
Package xcolor Info: Model `HTML' substituted by `rgb' on input line 1370.
Package xcolor Info: Model `Hsb' substituted by `hsb' on input line 1371.
Package xcolor Info: Model `tHsb' substituted by `hsb' on input line 1372.
Package xcolor Info: Model `HSB' substituted by `hsb' on input line 1373.
Package xcolor Info: Model `Gray' substituted by `gray' on input line 1374.
Package xcolor Info: Model `wave' substituted by `hsb' on input line 1375.
) (float.sty
Package: float 2001/11/08 v1.3d Float enhancements (AL)
\c@float@type=\count196
\float@exts=\toks22
\float@box=\box52
\@float@everytoks=\toks23
\@floatcapt=\box53
) (datetime2.sty
Package: datetime2 2021/03/21 v1.5.7 (NLCT) date and time formats

(tracklang.sty
Package: tracklang 2020/06/30 v1.5 (NLCT) Track Languages
 (tracklang)) (etoolbox.sty
Package: etoolbox 2020/10/05 v2.5k e-TeX tools for LaTeX (JAW)
\etb@tempcnta=\count197
) (xkeyval.sty
Package: xkeyval 2020/11/20 v2.8 package option processing (HA)
 (xkeyval (xkvutils
\XKV@toks=\toks24
\XKV@tempa@toks=\toks25
)
\XKV@depth=\count198
File: xkeyval.tex 2014/12/03 v2.7a key=value parser (HA)
))
(datetime2-english.ldf
File: datetime2-english.ldf 2019/10/21 v1.05 (NLCT)
 (datetime2-english-base.ldf
File: datetime2-english-base.ldf 2019/10/21 v1.05 (NLCT)
))) (ltxtable.sty
Package: ltxtable 2021/06/13 v0.4 longtable/tabularx merge (DPC)

(tabularx.sty
Package: tabularx 2020/01/15 v2.11c `tabularx' package (DPC)
 (array.sty
Package: array 2021/10/04 v2.5f Tabular extension package (FMi)
\col@sep=\dimen154
\ar@mcellbox=\box54
\extrarowheight=\dimen155
\NC@list=\toks26
\extratabsurround=\skip52
\backup@length=\skip53
\ar@cellbox=\box55
)
\TX@col@width=\dimen156
\TX@old@table=\dimen157
\TX@old@col=\dimen158
\TX@target=\dimen159
\TX@delta=\dimen160
\TX@cols=\count199
\TX@ftn=\toks27
) (longtable.sty
Package: longtable 2021-09-01 v4.17 Multi-page Table package (DPC)
\LTleft=\skip54
\LTright=\skip55
\LTpre=\skip56
\LTpost=\skip57
\LTchunksize=\count266
\LTcapwidth=\dimen161
\LT@head=\box56
\LT@firsthead=\box57
\LT@foot=\box58
\LT@lastfoot=\box59
\LT@gbox=\box60
\LT@cols=\count267
\LT@rows=\count268
\c@LT@tables=\count269
\c@LT@chunks=\count270
\LT@p@ftn=\toks28
)) (url.sty
\Urlmuskip=\muskip16
Package: url 2013/09/16  ver 3.4  Verb mode for urls, etc.
)

Package datetime2 Warning: Region `english-base' has ignored 
(datetime2)                the following settings:
(datetime2)                ord=raise
 on input line 33.


Package datetime2 Warning: Region `english' has ignored 
(datetime2)                the following settings:
(datetime2)                ord=raise
 on input line 33.

(l3backend-xetex.def
File: l3backend-xetex.def 2022-02-07 L3 backend support: XeTeX
\c__kernel_sys_dvipdfmx_version_int=\count271
\l__color_backend_stack_int=\count272
\g__color_backend_stack_int=\count273
\g__graphics_track_int=\count274
\l__pdf_internal_box=\box61
\g__pdf_backend_object_int=\count275
\g__pdf_backend_annotation_int=\count276
\g__pdf_backend_link_int=\count277
) (main.aux)
\openout1 = `main.aux'.

LaTeX Font Info:    Checking defaults for OML/cmm/m/it on input line 39.
LaTeX Font Info:    ... okay on input line 39.
LaTeX Font Info:    Checking defaults for OMS/cmsy/m/n on input line 39.
LaTeX Font Info:    ... okay on input line 39.
LaTeX Font Info:    Checking defaults for OT1/cmr/m/n on input line 39.
LaTeX Font Info:    ... okay on input line 39.
LaTeX Font Info:    Checking defaults for T1/cmr/m/n on input line 39.
LaTeX Font Info:    ... okay on input line 39.
LaTeX Font Info:    Checking defaults for TS1/cmr/m/n on input line 39.
LaTeX Font Info:    Trying to load font information for TS1+cmr on input line 3
9.
 (ts1cmr.fd
File: ts1cmr.fd 2019/12/16 v2.5j Standard LaTeX font definitions
)
LaTeX Font Info:    ... okay on input line 39.
LaTeX Font Info:    Checking defaults for TU/lmr/m/n on input line 39.
LaTeX Font Info:    ... okay on input line 39.
LaTeX Font Info:    Checking defaults for OMX/cmex/m/n on input line 39.
LaTeX Font Info:    ... okay on input line 39.
LaTeX Font Info:    Checking defaults for U/cmr/m/n on input line 39.
LaTeX Font Info:    ... okay on input line 39.

*geometry* driver: auto-detecting
*geometry* detected driver: xetex
*geometry* verbose mode - [ preamble ] result:
* driver: xetex
* paper: a4paper
* layout: <same size as paper>
* layoutoffset:(h,v)=(0.0pt,0.0pt)
* modes: 
* h-part:(L,W,R)=(72.26999pt, 452.9679pt, 72.26999pt)
* v-part:(T,H,B)=(72.26999pt, 700.50687pt, 72.26999pt)
* \paperwidth=597.50787pt
* \paperheight=845.04684pt
* \textwidth=452.9679pt
* \textheight=700.50687pt
* \oddsidemargin=0.0pt
* \evensidemargin=0.0pt
* \topmargin=-37.0pt
* \headheight=12.0pt
* \headsep=25.0pt
* \topskip=12.0pt
* \footskip=30.0pt
* \marginparwidth=35.0pt
* \marginparsep=10.0pt
* \columnsep=10.0pt
* \skip\footins=10.8pt plus 4.0pt minus 2.0pt
* \hoffset=0.0pt
* \voffset=0.0pt
* \mag=1000
* \@twocolumnfalse
* \@twosidefalse
* \@mparswitchfalse
* \@reversemarginfalse
* (1in=72.27pt=25.4mm, 1cm=28.453pt)

LaTeX Font Info:    External font `cmex10' loaded for size
(Font)              <12> on input line 48.
LaTeX Font Info:    External font `cmex10' loaded for size
(Font)              <8> on input line 48.
LaTeX Font Info:    External font `cmex10' loaded for size
(Font)              <6> on input line 48.
[1

]
Overfull \hbox (8.69753pt too wide) in paragraph at lines 76--77
\T1/lmr/m/n/12 lain-nya) den-gan res-o-lusi la-yar yang berbeda-beda meru-pakan
 tan-ta-n-gan sig-nifikan. Memas-
 []


Overfull \hbox (19.58087pt too wide) in paragraph at lines 79--80
\T1/lmr/m/n/12 gan serangka-ian tu-juan yang spe-si-fik, yang se-cara ke-selu-r
uhan bertu-juan un-tuk meningkatkan
 []


Overfull \hbox (0.12207pt too wide) in paragraph at lines 81--82
\T1/lmr/m/n/12 tugas-tugas ter-tentu, da-pat dike-tahui apakah fitur-fitur ap-l
ikasi berfungsi se-ba-gaimana
 []

[2]
Overfull \hbox (26.09293pt too wide) in paragraph at lines 100--101
[]\T1/lmr/m/n/12 Olauncher men-jadikan peng-gu-naan smart-phone men-jadi sim-pe
l dan hanya perlu desuwaaaa 
 []

[3]
Underfull \hbox (badness 10000) in paragraph at lines 133--133
[]|\T1/lmr/m/n/12 menjalankan ap-likasi
 []


Underfull \hbox (badness 10000) in paragraph at lines 133--133
[]\T1/lmr/m/n/12 menyentuh nama
 []


Underfull \hbox (badness 10000) in paragraph at lines 133--133
[]\T1/lmr/m/n/12 menjalankan ap-
 []


Underfull \hbox (badness 10000) in paragraph at lines 133--133
[]|\T1/lmr/m/n/12 mencari ap-likasi yang
 []


Underfull \hbox (badness 10000) in paragraph at lines 133--133
\T1/lmr/m/n/12 akan di-jalankan dan
 []


Underfull \hbox (badness 4060) in paragraph at lines 133--133
\T1/lmr/m/n/12 menampilkan daf-
 []


Underfull \hbox (badness 10000) in paragraph at lines 133--133
[]\T1/lmr/m/n/12 menginput nama
 []


Underfull \hbox (badness 10000) in paragraph at lines 133--133
[]\T1/lmr/m/n/12 menyentuh ap-
 []


Underfull \hbox (badness 7415) in paragraph at lines 133--133
\T1/lmr/m/n/12 likasi yang akan
 []


Underfull \hbox (badness 7540) in paragraph at lines 133--133
[]|\T1/lmr/m/n/12 Menambahkan Ap-likasi
 []


Underfull \hbox (badness 2980) in paragraph at lines 133--133
\T1/lmr/m/n/12 ap-likasi / tulisan
 []


Underfull \hbox (badness 4505) in paragraph at lines 133--133
\T1/lmr/m/n/12 ses pen-gat-u-ran khusus
 []


Underfull \hbox (badness 4060) in paragraph at lines 133--133
\T1/lmr/m/n/12 menampilkan daf-
 []


Underfull \hbox (badness 10000) in paragraph at lines 133--133
[]\T1/lmr/m/n/12 menginput nama
 []


Underfull \hbox (badness 1824) in paragraph at lines 133--133
[]\T1/lmr/m/n/12 tekan lama nama
 []


Underfull \hbox (badness 1112) in paragraph at lines 153--153
[]\T1/lmr/m/n/12 swipe ke atas un-
 []


Underfull \hbox (badness 10000) in paragraph at lines 153--153
\T1/lmr/m/n/12 tuk menampilkan
 []


Underfull \hbox (badness 10000) in paragraph at lines 153--153
[]\T1/lmr/m/n/12 menginput nama
 []


Underfull \hbox (badness 3872) in paragraph at lines 153--153
[]\T1/lmr/m/n/12 tekan lama nama
 []


Underfull \hbox (badness 10000) in paragraph at lines 153--153
[]|\T1/lmr/m/n/12 Mengganti Pen-gat-u-ran
 []


Underfull \hbox (badness 4291) in paragraph at lines 153--153
[]|\T1/lmr/m/n/12 Pengguna da-pat meng-
 []


Underfull \hbox (badness 10000) in paragraph at lines 153--153
\T1/lmr/m/n/12 ganti pen-gat-u-ran
 []


Underfull \hbox (badness 10000) in paragraph at lines 153--153
[]\T1/lmr/m/n/12 tampil ha-la-
 []


Underfull \hbox (badness 10000) in paragraph at lines 153--153
\T1/lmr/m/n/12 man pen-gat-u-ran
 []

[4] [5]
LaTeX Font Info:    Trying to load font information for T1+lmtt on input line 1
56.
 (t1lmtt.fd
File: t1lmtt.fd 2015/05/01 v1.6.1 Font defs for Latin Modern
) [6] (main.aux) )
Output written on main.xdv (6 pages, 19200 bytes).
